{"level":"info","message":"MongoDB Connected.","timestamp":"2018-10-05T13:08:59.430Z"}
{"level":"info","message":"MongoDB Connected.","timestamp":"2018-10-05T13:16:42.720Z"}
{"level":"info","message":"MongoDB Connected.","timestamp":"2018-10-05T13:18:09.951Z"}
{"level":"info","message":"MongoDB Connected.","timestamp":"2018-10-05T13:18:12.756Z"}
{"level":"info","message":"MongoDB Connected.","timestamp":"2018-10-05T13:18:54.087Z"}
{"message":"HQA","stack":"Error: HQA\n    at router.post (C:\\Users\\Kamil\\Desktop\\nodeApi\\routes\\users.js:57:15)\n    at Layer.handle [as handle_request] (C:\\Users\\Kamil\\Desktop\\nodeApi\\node_modules\\express\\lib\\router\\layer.js:95:5)\n    at next (C:\\Users\\Kamil\\Desktop\\nodeApi\\node_modules\\express\\lib\\router\\route.js:137:13)\n    at Route.dispatch (C:\\Users\\Kamil\\Desktop\\nodeApi\\node_modules\\express\\lib\\router\\route.js:112:3)\n    at Layer.handle [as handle_request] (C:\\Users\\Kamil\\Desktop\\nodeApi\\node_modules\\express\\lib\\router\\layer.js:95:5)\n    at C:\\Users\\Kamil\\Desktop\\nodeApi\\node_modules\\express\\lib\\router\\index.js:281:22\n    at Function.process_params (C:\\Users\\Kamil\\Desktop\\nodeApi\\node_modules\\express\\lib\\router\\index.js:335:12)\n    at next (C:\\Users\\Kamil\\Desktop\\nodeApi\\node_modules\\express\\lib\\router\\index.js:275:10)\n    at Function.handle (C:\\Users\\Kamil\\Desktop\\nodeApi\\node_modules\\express\\lib\\router\\index.js:174:3)\n    at router (C:\\Users\\Kamil\\Desktop\\nodeApi\\node_modules\\express\\lib\\router\\index.js:47:12)\n    at Layer.handle [as handle_request] (C:\\Users\\Kamil\\Desktop\\nodeApi\\node_modules\\express\\lib\\router\\layer.js:95:5)\n    at trim_prefix (C:\\Users\\Kamil\\Desktop\\nodeApi\\node_modules\\express\\lib\\router\\index.js:317:13)\n    at C:\\Users\\Kamil\\Desktop\\nodeApi\\node_modules\\express\\lib\\router\\index.js:284:7\n    at Function.process_params (C:\\Users\\Kamil\\Desktop\\nodeApi\\node_modules\\express\\lib\\router\\index.js:335:12)\n    at next (C:\\Users\\Kamil\\Desktop\\nodeApi\\node_modules\\express\\lib\\router\\index.js:275:10)\n    at C:\\Users\\Kamil\\Desktop\\nodeApi\\node_modules\\body-parser\\lib\\read.js:130:5","level":"error","timestamp":"2018-10-05T13:19:18.776Z"}
{"message":"HQA","stack":"Error: HQA\n    at router.post (C:\\Users\\Kamil\\Desktop\\nodeApi\\routes\\users.js:57:15)\n    at Layer.handle [as handle_request] (C:\\Users\\Kamil\\Desktop\\nodeApi\\node_modules\\express\\lib\\router\\layer.js:95:5)\n    at next (C:\\Users\\Kamil\\Desktop\\nodeApi\\node_modules\\express\\lib\\router\\route.js:137:13)\n    at Route.dispatch (C:\\Users\\Kamil\\Desktop\\nodeApi\\node_modules\\express\\lib\\router\\route.js:112:3)\n    at Layer.handle [as handle_request] (C:\\Users\\Kamil\\Desktop\\nodeApi\\node_modules\\express\\lib\\router\\layer.js:95:5)\n    at C:\\Users\\Kamil\\Desktop\\nodeApi\\node_modules\\express\\lib\\router\\index.js:281:22\n    at Function.process_params (C:\\Users\\Kamil\\Desktop\\nodeApi\\node_modules\\express\\lib\\router\\index.js:335:12)\n    at next (C:\\Users\\Kamil\\Desktop\\nodeApi\\node_modules\\express\\lib\\router\\index.js:275:10)\n    at Function.handle (C:\\Users\\Kamil\\Desktop\\nodeApi\\node_modules\\express\\lib\\router\\index.js:174:3)\n    at router (C:\\Users\\Kamil\\Desktop\\nodeApi\\node_modules\\express\\lib\\router\\index.js:47:12)\n    at Layer.handle [as handle_request] (C:\\Users\\Kamil\\Desktop\\nodeApi\\node_modules\\express\\lib\\router\\layer.js:95:5)\n    at trim_prefix (C:\\Users\\Kamil\\Desktop\\nodeApi\\node_modules\\express\\lib\\router\\index.js:317:13)\n    at C:\\Users\\Kamil\\Desktop\\nodeApi\\node_modules\\express\\lib\\router\\index.js:284:7\n    at Function.process_params (C:\\Users\\Kamil\\Desktop\\nodeApi\\node_modules\\express\\lib\\router\\index.js:335:12)\n    at next (C:\\Users\\Kamil\\Desktop\\nodeApi\\node_modules\\express\\lib\\router\\index.js:275:10)\n    at C:\\Users\\Kamil\\Desktop\\nodeApi\\node_modules\\body-parser\\lib\\read.js:130:5","level":"error","timestamp":"2018-10-05T13:19:32.722Z"}
{"level":"info","message":"MongoDB Connected.","timestamp":"2018-10-05T13:20:21.231Z"}
{"level":"info","message":"MongoDB Connected.","timestamp":"2018-10-05T13:31:20.495Z"}
{"level":"info","message":"MongoDB Connected.","timestamp":"2018-10-05T13:34:12.748Z"}
{"level":"info","message":"MongoDB Connected.","timestamp":"2018-10-05T13:35:15.977Z"}
{"level":"info","message":"MongoDB Connected.","timestamp":"2018-10-05T13:35:56.851Z"}
{"level":"info","message":"MongoDB Connected.","timestamp":"2018-10-05T13:36:39.573Z"}
{"level":"info","message":"MongoDB Connected.","timestamp":"2018-10-08T09:32:08.665Z"}
{"code":"PUG:UNEXPECTED_TEXT","msg":"unexpected text \"{{{bo\"","line":6,"column":9,"filename":"C:\\Users\\Kamil\\Desktop\\nodeApi\\views\\index.pug"}
{"level":"info","message":"MongoDB Connected.","timestamp":"2018-10-08T11:50:54.780Z"}
{"level":"info","message":"MongoDB Connected.","timestamp":"2018-10-08T21:16:01.408Z"}
{"message":"HQA","stack":"Error: HQA\n    at router.post (C:\\Users\\Lulu\\Desktop\\nodeApi\\routes\\users.js:57:15)\n    at Layer.handle [as handle_request] (C:\\Users\\Lulu\\Desktop\\nodeApi\\node_modules\\express\\lib\\router\\layer.js:95:5)\n    at next (C:\\Users\\Lulu\\Desktop\\nodeApi\\node_modules\\express\\lib\\router\\route.js:137:13)\n    at Route.dispatch (C:\\Users\\Lulu\\Desktop\\nodeApi\\node_modules\\express\\lib\\router\\route.js:112:3)\n    at Layer.handle [as handle_request] (C:\\Users\\Lulu\\Desktop\\nodeApi\\node_modules\\express\\lib\\router\\layer.js:95:5)\n    at C:\\Users\\Lulu\\Desktop\\nodeApi\\node_modules\\express\\lib\\router\\index.js:281:22\n    at Function.process_params (C:\\Users\\Lulu\\Desktop\\nodeApi\\node_modules\\express\\lib\\router\\index.js:335:12)\n    at next (C:\\Users\\Lulu\\Desktop\\nodeApi\\node_modules\\express\\lib\\router\\index.js:275:10)\n    at Function.handle (C:\\Users\\Lulu\\Desktop\\nodeApi\\node_modules\\express\\lib\\router\\index.js:174:3)\n    at router (C:\\Users\\Lulu\\Desktop\\nodeApi\\node_modules\\express\\lib\\router\\index.js:47:12)\n    at Layer.handle [as handle_request] (C:\\Users\\Lulu\\Desktop\\nodeApi\\node_modules\\express\\lib\\router\\layer.js:95:5)\n    at trim_prefix (C:\\Users\\Lulu\\Desktop\\nodeApi\\node_modules\\express\\lib\\router\\index.js:317:13)\n    at C:\\Users\\Lulu\\Desktop\\nodeApi\\node_modules\\express\\lib\\router\\index.js:284:7\n    at Function.process_params (C:\\Users\\Lulu\\Desktop\\nodeApi\\node_modules\\express\\lib\\router\\index.js:335:12)\n    at next (C:\\Users\\Lulu\\Desktop\\nodeApi\\node_modules\\express\\lib\\router\\index.js:275:10)\n    at C:\\Users\\Lulu\\Desktop\\nodeApi\\node_modules\\body-parser\\lib\\read.js:130:5","level":"error","timestamp":"2018-10-08T21:23:46.671Z"}
{"level":"info","message":"MongoDB Connected.","timestamp":"2018-10-08T21:24:36.520Z"}
{"level":"info","message":"MongoDB Connected.","timestamp":"2018-10-08T21:36:25.130Z"}
{"level":"info","message":"MongoDB Connected.","timestamp":"2018-10-08T21:36:42.922Z"}
{"level":"info","message":"MongoDB Connected.","timestamp":"2018-10-08T21:37:40.787Z"}
{"code":"PUG:INCONSISTENT_INDENTATION","msg":"Inconsistent indentation. Expecting either 8 or 12 spaces/tabs.","line":10,"column":1,"filename":"C:\\Users\\Lulu\\Desktop\\nodeApi\\views\\index.pug"}
{"code":"PUG:INCONSISTENT_INDENTATION","msg":"Inconsistent indentation. Expecting either 8 or 12 spaces/tabs.","line":10,"column":1,"filename":"C:\\Users\\Lulu\\Desktop\\nodeApi\\views\\index.pug"}
{"code":"PUG:INCONSISTENT_INDENTATION","msg":"Inconsistent indentation. Expecting either 8 or 12 spaces/tabs.","line":10,"column":1,"filename":"C:\\Users\\Lulu\\Desktop\\nodeApi\\views\\index.pug"}
{"level":"info","message":"MongoDB Connected.","timestamp":"2018-10-08T21:42:48.198Z"}
{"level":"info","message":"MongoDB Connected.","timestamp":"2018-10-08T21:46:12.242Z"}
{"level":"info","message":"MongoDB Connected.","timestamp":"2018-10-08T21:55:30.147Z"}
{"level":"info","message":"MongoDB Connected.","timestamp":"2018-10-08T21:57:02.744Z"}
